13/Aug/2012 09:38:29   ERROR    com.basspro.bpsutils.Log [main] - OutboundProcess.printMQException()-The MQOPEN(Source Queue) failed. (com.basspro.bpsutils.Log.logMessage(Log.java:66))
13/Aug/2012 09:38:29   ERROR    com.basspro.bpsutils.Log [main] - OutboundProcess.printMQException()-CompletionCode = 2. (com.basspro.bpsutils.Log.logMessage(Log.java:66))
13/Aug/2012 09:38:29   ERROR    com.basspro.bpsutils.Log [main] - OutboundProcess.printMQException()-ReasonCode = 2085. (com.basspro.bpsutils.Log.logMessage(Log.java:66))
13/Aug/2012 09:38:29   ERROR    com.basspro.bpsutils.Log [main] - Trace: (com.basspro.bpsutils.Log.logMessage(Log.java:119))
com.ibm.mq.MQException: MQJE001: Completion Code 2, Reason 2085
	at com.ibm.mq.MQQueueManager.accessQueue(MQQueueManager.java:2857)
	at com.ibm.mq.MQQueueManager.accessQueue(MQQueueManager.java:2914)
	at com.basspro.jdaoutbound.router.TransactionRouter.openSourceQueue(TransactionRouter.java:598)
	at com.basspro.jdaoutbound.router.TransactionRouter.main(TransactionRouter.java:146)
13/Aug/2012 09:38:29   ERROR    com.basspro.bpsutils.Log [main] - EXCEPTION OCCURRED IN OPENING QUEUES.  Exiting. (com.basspro.bpsutils.Log.logMessage(Log.java:66))
13/Aug/2012 09:38:43   ERROR    com.basspro.bpsutils.Log [main] - OutboundProcess.printMQException()-The MQOPEN(Source Queue) failed. (com.basspro.bpsutils.Log.logMessage(Log.java:66))
13/Aug/2012 09:38:43   ERROR    com.basspro.bpsutils.Log [main] - OutboundProcess.printMQException()-CompletionCode = 2. (com.basspro.bpsutils.Log.logMessage(Log.java:66))
13/Aug/2012 09:38:43   ERROR    com.basspro.bpsutils.Log [main] - OutboundProcess.printMQException()-ReasonCode = 2085. (com.basspro.bpsutils.Log.logMessage(Log.java:66))
13/Aug/2012 09:38:43   ERROR    com.basspro.bpsutils.Log [main] - Trace: (com.basspro.bpsutils.Log.logMessage(Log.java:119))
com.ibm.mq.MQException: MQJE001: Completion Code 2, Reason 2085
	at com.ibm.mq.MQQueueManager.accessQueue(MQQueueManager.java:2857)
	at com.ibm.mq.MQQueueManager.accessQueue(MQQueueManager.java:2914)
	at com.basspro.jdaoutbound.router.TransactionRouter.openSourceQueue(TransactionRouter.java:598)
	at com.basspro.jdaoutbound.router.TransactionRouter.main(TransactionRouter.java:146)
13/Aug/2012 09:38:43   ERROR    com.basspro.bpsutils.Log [main] - EXCEPTION OCCURRED IN OPENING QUEUES.  Exiting. (com.basspro.bpsutils.Log.logMessage(Log.java:66))
13/Aug/2012 09:51:45   ERROR    com.basspro.bpsutils.Log [main] - OutboundProcess.printMQException()-The MQOPEN(Source Queue) failed. (com.basspro.bpsutils.Log.logMessage(Log.java:66))
13/Aug/2012 09:51:45   ERROR    com.basspro.bpsutils.Log [main] - OutboundProcess.printMQException()-CompletionCode = 2. (com.basspro.bpsutils.Log.logMessage(Log.java:66))
13/Aug/2012 09:51:45   ERROR    com.basspro.bpsutils.Log [main] - OutboundProcess.printMQException()-ReasonCode = 2085. (com.basspro.bpsutils.Log.logMessage(Log.java:66))
13/Aug/2012 09:51:45   ERROR    com.basspro.bpsutils.Log [main] - Trace: (com.basspro.bpsutils.Log.logMessage(Log.java:119))
com.ibm.mq.MQException: MQJE001: Completion Code 2, Reason 2085
	at com.ibm.mq.MQQueueManager.accessQueue(MQQueueManager.java:2857)
	at com.ibm.mq.MQQueueManager.accessQueue(MQQueueManager.java:2914)
	at com.basspro.jdaoutbound.router.TransactionRouter.openSourceQueue(TransactionRouter.java:598)
	at com.basspro.jdaoutbound.router.TransactionRouter.main(TransactionRouter.java:146)
13/Aug/2012 09:51:45   ERROR    com.basspro.bpsutils.Log [main] - EXCEPTION OCCURRED IN OPENING QUEUES.  Exiting. (com.basspro.bpsutils.Log.logMessage(Log.java:66))
26/Feb/2013 09:56:07   ERROR    com.basspro.bpsutils.Log [main] - EXCEPTION OCCURRED. (com.basspro.bpsutils.Log.logMessage(Log.java:119))
org.xml.sax.SAXParseException: An invalid XML character (Unicode: 0x1a) was found in the element content of the document.
	at org.apache.xerces.util.ErrorHandlerWrapper.createSAXParseException(Unknown Source)
	at org.apache.xerces.util.ErrorHandlerWrapper.fatalError(Unknown Source)
	at org.apache.xerces.impl.XMLErrorReporter.reportError(Unknown Source)
	at org.apache.xerces.impl.XMLErrorReporter.reportError(Unknown Source)
	at org.apache.xerces.impl.XMLScanner.reportFatalError(Unknown Source)
	at org.apache.xerces.impl.XMLDocumentFragmentScannerImpl$FragmentContentDispatcher.dispatch(Unknown Source)
	at org.apache.xerces.impl.XMLDocumentFragmentScannerImpl.scanDocument(Unknown Source)
	at org.apache.xerces.parsers.XML11Configuration.parse(Unknown Source)
	at org.apache.xerces.parsers.XML11Configuration.parse(Unknown Source)
	at org.apache.xerces.parsers.XMLParser.parse(Unknown Source)
	at org.apache.xerces.parsers.AbstractSAXParser.parse(Unknown Source)
	at com.basspro.jdaoutbound.router.TransactionRouter.main(TransactionRouter.java:224)
26/Feb/2013 09:56:07   ERROR    com.basspro.bpsutils.Log [main] - TransactionProcess.run()-Placing message on error MQ Queue. (com.basspro.bpsutils.Log.logMessage(Log.java:66))
01/Mar/2013 08:57:11   ERROR    com.basspro.bpsutils.Log [main] - EXCEPTION OCCURRED. (com.basspro.bpsutils.Log.logMessage(Log.java:119))
org.xml.sax.SAXParseException: An invalid XML character (Unicode: 0x1a) was found in the element content of the document.
	at org.apache.xerces.util.ErrorHandlerWrapper.createSAXParseException(Unknown Source)
	at org.apache.xerces.util.ErrorHandlerWrapper.fatalError(Unknown Source)
	at org.apache.xerces.impl.XMLErrorReporter.reportError(Unknown Source)
	at org.apache.xerces.impl.XMLErrorReporter.reportError(Unknown Source)
	at org.apache.xerces.impl.XMLScanner.reportFatalError(Unknown Source)
	at org.apache.xerces.impl.XMLDocumentFragmentScannerImpl$FragmentContentDispatcher.dispatch(Unknown Source)
	at org.apache.xerces.impl.XMLDocumentFragmentScannerImpl.scanDocument(Unknown Source)
	at org.apache.xerces.parsers.XML11Configuration.parse(Unknown Source)
	at org.apache.xerces.parsers.XML11Configuration.parse(Unknown Source)
	at org.apache.xerces.parsers.XMLParser.parse(Unknown Source)
	at org.apache.xerces.parsers.AbstractSAXParser.parse(Unknown Source)
	at com.basspro.jdaoutbound.router.TransactionRouter.main(TransactionRouter.java:224)
01/Mar/2013 08:57:11   ERROR    com.basspro.bpsutils.Log [main] - TransactionProcess.run()-Placing message on error MQ Queue. (com.basspro.bpsutils.Log.logMessage(Log.java:66))
05/Mar/2013 16:35:36   ERROR    com.basspro.bpsutils.Log [main] - OutboundProcess.printMQException()-The MQGET failed. (com.basspro.bpsutils.Log.logMessage(Log.java:66))
05/Mar/2013 16:35:36   ERROR    com.basspro.bpsutils.Log [main] - OutboundProcess.printMQException()-CompletionCode = 2. (com.basspro.bpsutils.Log.logMessage(Log.java:66))
05/Mar/2013 16:35:36   ERROR    com.basspro.bpsutils.Log [main] - OutboundProcess.printMQException()-ReasonCode = 2162. (com.basspro.bpsutils.Log.logMessage(Log.java:66))
05/Mar/2013 16:35:36   ERROR    com.basspro.bpsutils.Log [main] - Trace: (com.basspro.bpsutils.Log.logMessage(Log.java:119))
com.ibm.mq.MQException: MQJE001: Completion Code 2, Reason 2162
	at com.ibm.mq.MQQueue.get(MQQueue.java:1034)
	at com.basspro.jdaoutbound.router.TransactionRouter.getMessage(TransactionRouter.java:533)
	at com.basspro.jdaoutbound.router.TransactionRouter.main(TransactionRouter.java:189)
05/Mar/2013 16:35:36   ERROR    com.basspro.bpsutils.Log [main] - shutdown()-Failure closing / disconnecting. MQJE001: Completion Code 2, Reason 2009 (com.basspro.bpsutils.Log.logMessage(Log.java:66))
05/Mar/2013 16:35:36   ERROR    com.basspro.bpsutils.Log [main] - Trace: (com.basspro.bpsutils.Log.logMessage(Log.java:119))
com.ibm.mq.MQException: MQJE001: Completion Code 2, Reason 2009
	at com.ibm.mq.MQManagedObject.close(MQManagedObject.java:400)
	at com.ibm.mq.MQQueue.close(MQQueue.java:1721)
	at com.basspro.jdaoutbound.router.TransactionRouter.shutdown(TransactionRouter.java:780)
	at com.basspro.jdaoutbound.router.TransactionRouter.main(TransactionRouter.java:304)
24/Apr/2013 18:59:17   ERROR    com.basspro.bpsutils.Log [main] - OutboundProcess.printMQException()-The MQGET failed. (com.basspro.bpsutils.Log.logMessage(Log.java:66))
24/Apr/2013 18:59:18   ERROR    com.basspro.bpsutils.Log [main] - OutboundProcess.printMQException()-CompletionCode = 2. (com.basspro.bpsutils.Log.logMessage(Log.java:66))
24/Apr/2013 18:59:18   ERROR    com.basspro.bpsutils.Log [main] - OutboundProcess.printMQException()-ReasonCode = 2162. (com.basspro.bpsutils.Log.logMessage(Log.java:66))
24/Apr/2013 18:59:18   ERROR    com.basspro.bpsutils.Log [main] - Trace: (com.basspro.bpsutils.Log.logMessage(Log.java:119))
com.ibm.mq.MQException: MQJE001: Completion Code 2, Reason 2162
	at com.ibm.mq.MQQueue.get(MQQueue.java:1034)
	at com.basspro.jdaoutbound.router.TransactionRouter.getMessage(TransactionRouter.java:533)
	at com.basspro.jdaoutbound.router.TransactionRouter.main(TransactionRouter.java:189)
24/Apr/2013 18:59:18   ERROR    com.basspro.bpsutils.Log [main] - shutdown()-Failure closing / disconnecting. MQJE001: Completion Code 2, Reason 2009 (com.basspro.bpsutils.Log.logMessage(Log.java:66))
24/Apr/2013 18:59:18   ERROR    com.basspro.bpsutils.Log [main] - Trace: (com.basspro.bpsutils.Log.logMessage(Log.java:119))
com.ibm.mq.MQException: MQJE001: Completion Code 2, Reason 2009
	at com.ibm.mq.MQManagedObject.close(MQManagedObject.java:400)
	at com.ibm.mq.MQQueue.close(MQQueue.java:1721)
	at com.basspro.jdaoutbound.router.TransactionRouter.shutdown(TransactionRouter.java:780)
	at com.basspro.jdaoutbound.router.TransactionRouter.main(TransactionRouter.java:304)
03/Jul/2014 16:28:02   ERROR    com.basspro.bpsutils.Log [main] - OutboundProcess.printMQException()-The MQGET failed. (com.basspro.bpsutils.Log.logMessage(Log.java:66))
03/Jul/2014 16:28:03   ERROR    com.basspro.bpsutils.Log [main] - OutboundProcess.printMQException()-CompletionCode = 2. (com.basspro.bpsutils.Log.logMessage(Log.java:66))
03/Jul/2014 16:28:03   ERROR    com.basspro.bpsutils.Log [main] - OutboundProcess.printMQException()-ReasonCode = 2162. (com.basspro.bpsutils.Log.logMessage(Log.java:66))
03/Jul/2014 16:28:03   ERROR    com.basspro.bpsutils.Log [main] - Trace: (com.basspro.bpsutils.Log.logMessage(Log.java:119))
com.ibm.mq.MQException: MQJE001: Completion Code 2, Reason 2162
	at com.ibm.mq.MQQueue.get(MQQueue.java:1034)
	at com.basspro.jdaoutbound.router.TransactionRouter.getMessage(TransactionRouter.java:533)
	at com.basspro.jdaoutbound.router.TransactionRouter.main(TransactionRouter.java:189)
03/Jul/2014 16:28:04   ERROR    com.basspro.bpsutils.Log [main] - shutdown()-Failure closing / disconnecting. MQJE001: Completion Code 2, Reason 2009 (com.basspro.bpsutils.Log.logMessage(Log.java:66))
03/Jul/2014 16:28:04   ERROR    com.basspro.bpsutils.Log [main] - Trace: (com.basspro.bpsutils.Log.logMessage(Log.java:119))
com.ibm.mq.MQException: MQJE001: Completion Code 2, Reason 2009
	at com.ibm.mq.MQManagedObject.close(MQManagedObject.java:400)
	at com.ibm.mq.MQQueue.close(MQQueue.java:1721)
	at com.basspro.jdaoutbound.router.TransactionRouter.shutdown(TransactionRouter.java:780)
	at com.basspro.jdaoutbound.router.TransactionRouter.main(TransactionRouter.java:304)
15/Sep/2014 15:24:16   ERROR    com.basspro.bpsutils.Log [main] - Error in openQueueManager(). (com.basspro.bpsutils.Log.logMessage(Log.java:119))
com.ibm.mq.MQException: MQJE001: An MQException occurred: Completion Code 2, Reason 2058
MQJE036: Queue manager rejected connection attempt
	at com.ibm.mq.MQManagedConnectionJ11.<init>(MQManagedConnectionJ11.java:212)
	at com.ibm.mq.MQClientManagedConnectionFactoryJ11._createManagedConnection(MQClientManagedConnectionFactoryJ11.java:318)
	at com.ibm.mq.MQClientManagedConnectionFactoryJ11.createManagedConnection(MQClientManagedConnectionFactoryJ11.java:338)
	at com.ibm.mq.StoredManagedConnection.<init>(StoredManagedConnection.java:84)
	at com.ibm.mq.MQSimpleConnectionManager.allocateConnection(MQSimpleConnectionManager.java:168)
	at com.ibm.mq.MQQueueManagerFactory.obtainBaseMQQueueManager(MQQueueManagerFactory.java:772)
	at com.ibm.mq.MQQueueManagerFactory.procure(MQQueueManagerFactory.java:697)
	at com.ibm.mq.MQQueueManagerFactory.constructQueueManager(MQQueueManagerFactory.java:657)
	at com.ibm.mq.MQQueueManagerFactory.createQueueManager(MQQueueManagerFactory.java:153)
	at com.ibm.mq.MQQueueManager.<init>(MQQueueManager.java:451)
	at com.basspro.jdaoutbound.router.TransactionRouter.openQueueManager(TransactionRouter.java:666)
	at com.basspro.jdaoutbound.router.TransactionRouter.main(TransactionRouter.java:135)
Caused by: 
com.ibm.mqservices.MQInternalException: MQJE001: An MQException occurred: Completion Code 2, Reason 2058
MQJE036: Queue manager rejected connection attempt
	at com.ibm.mq.MQv6InternalCommunications.parseConnReply(MQv6InternalCommunications.java:1769)
	at com.ibm.mq.MQv6InternalCommunications.connectToQueueManager(MQv6InternalCommunications.java:1707)
	at com.ibm.mq.MQv6InternalCommunications.initialize(MQv6InternalCommunications.java:285)
	at com.ibm.mq.MQv6InternalCommunications.<init>(MQv6InternalCommunications.java:109)
	at com.ibm.mq.MQSESSIONClient.MQCONNX(MQSESSIONClient.java:1337)
	at com.ibm.mq.MQSESSIONClient.MQCONN(MQSESSIONClient.java:1246)
	at com.ibm.mq.MQManagedConnectionJ11.<init>(MQManagedConnectionJ11.java:184)
	... 11 more
15/Sep/2014 15:24:16   FATAL    com.basspro.bpsutils.Log [main] - Queue manager connection failed. Exiting. (com.basspro.bpsutils.Log.logMessage(Log.java:71))
16/Sep/2014 10:37:51   ERROR    com.basspro.bpsutils.Log [main] - Error in openQueueManager(). (com.basspro.bpsutils.Log.logMessage(Log.java:119))
com.ibm.mq.MQException: MQJE001: An MQException occurred: Completion Code 2, Reason 2058
MQJE036: Queue manager rejected connection attempt
	at com.ibm.mq.MQManagedConnectionJ11.<init>(MQManagedConnectionJ11.java:212)
	at com.ibm.mq.MQClientManagedConnectionFactoryJ11._createManagedConnection(MQClientManagedConnectionFactoryJ11.java:318)
	at com.ibm.mq.MQClientManagedConnectionFactoryJ11.createManagedConnection(MQClientManagedConnectionFactoryJ11.java:338)
	at com.ibm.mq.StoredManagedConnection.<init>(StoredManagedConnection.java:84)
	at com.ibm.mq.MQSimpleConnectionManager.allocateConnection(MQSimpleConnectionManager.java:168)
	at com.ibm.mq.MQQueueManagerFactory.obtainBaseMQQueueManager(MQQueueManagerFactory.java:772)
	at com.ibm.mq.MQQueueManagerFactory.procure(MQQueueManagerFactory.java:697)
	at com.ibm.mq.MQQueueManagerFactory.constructQueueManager(MQQueueManagerFactory.java:657)
	at com.ibm.mq.MQQueueManagerFactory.createQueueManager(MQQueueManagerFactory.java:153)
	at com.ibm.mq.MQQueueManager.<init>(MQQueueManager.java:451)
	at com.basspro.jdaoutbound.router.TransactionRouter.openQueueManager(TransactionRouter.java:666)
	at com.basspro.jdaoutbound.router.TransactionRouter.main(TransactionRouter.java:135)
Caused by: 
com.ibm.mqservices.MQInternalException: MQJE001: An MQException occurred: Completion Code 2, Reason 2058
MQJE036: Queue manager rejected connection attempt
	at com.ibm.mq.MQv6InternalCommunications.parseConnReply(MQv6InternalCommunications.java:1769)
	at com.ibm.mq.MQv6InternalCommunications.connectToQueueManager(MQv6InternalCommunications.java:1707)
	at com.ibm.mq.MQv6InternalCommunications.initialize(MQv6InternalCommunications.java:285)
	at com.ibm.mq.MQv6InternalCommunications.<init>(MQv6InternalCommunications.java:109)
	at com.ibm.mq.MQSESSIONClient.MQCONNX(MQSESSIONClient.java:1337)
	at com.ibm.mq.MQSESSIONClient.MQCONN(MQSESSIONClient.java:1246)
	at com.ibm.mq.MQManagedConnectionJ11.<init>(MQManagedConnectionJ11.java:184)
	... 11 more
16/Sep/2014 10:37:51   FATAL    com.basspro.bpsutils.Log [main] - Queue manager connection failed. Exiting. (com.basspro.bpsutils.Log.logMessage(Log.java:71))
13/Nov/2014 14:14:28   ERROR    com.basspro.bpsutils.Log [main] - OutboundProcess.printMQException()-The MQGET failed. (com.basspro.bpsutils.Log.logMessage(Log.java:66))
13/Nov/2014 14:14:28   ERROR    com.basspro.bpsutils.Log [main] - OutboundProcess.printMQException()-CompletionCode = 2. (com.basspro.bpsutils.Log.logMessage(Log.java:66))
13/Nov/2014 14:14:28   ERROR    com.basspro.bpsutils.Log [main] - OutboundProcess.printMQException()-ReasonCode = 2009. (com.basspro.bpsutils.Log.logMessage(Log.java:66))
13/Nov/2014 14:14:28   ERROR    com.basspro.bpsutils.Log [main] - Trace: (com.basspro.bpsutils.Log.logMessage(Log.java:119))
com.ibm.mq.MQException: MQJE001: Completion Code 2, Reason 2009
	at com.ibm.mq.MQQueue.get(MQQueue.java:1034)
	at com.basspro.jdaoutbound.router.TransactionRouter.getMessage(TransactionRouter.java:540)
	at com.basspro.jdaoutbound.router.TransactionRouter.main(TransactionRouter.java:191)
13/Nov/2014 14:14:28   ERROR    com.basspro.bpsutils.Log [main] - shutdown()-Failure closing / disconnecting. MQJE001: Completion Code 2, Reason 2019 (com.basspro.bpsutils.Log.logMessage(Log.java:66))
13/Nov/2014 14:14:28   ERROR    com.basspro.bpsutils.Log [main] - Trace: (com.basspro.bpsutils.Log.logMessage(Log.java:119))
com.ibm.mq.MQException: MQJE001: Completion Code 2, Reason 2019
	at com.ibm.mq.MQManagedObject.close(MQManagedObject.java:400)
	at com.ibm.mq.MQQueue.close(MQQueue.java:1721)
	at com.basspro.jdaoutbound.router.TransactionRouter.shutdown(TransactionRouter.java:787)
	at com.basspro.jdaoutbound.router.TransactionRouter.main(TransactionRouter.java:309)
