13/Aug/2012 09:39:58   ERROR    com.basspro.bpsutils.Log [main] - OutboundProcess.printMQException()-The MQOPEN(Source Queue) failed. (com.basspro.bpsutils.Log.logMessage(Log.java:66))
13/Aug/2012 09:39:58   ERROR    com.basspro.bpsutils.Log [main] - OutboundProcess.printMQException()-CompletionCode = 2. (com.basspro.bpsutils.Log.logMessage(Log.java:66))
13/Aug/2012 09:39:58   ERROR    com.basspro.bpsutils.Log [main] - OutboundProcess.printMQException()-ReasonCode = 2085. (com.basspro.bpsutils.Log.logMessage(Log.java:66))
13/Aug/2012 09:39:58   ERROR    com.basspro.bpsutils.Log [main] - Trace: (com.basspro.bpsutils.Log.logMessage(Log.java:119))
com.ibm.mq.MQException: MQJE001: Completion Code 2, Reason 2085
	at com.ibm.mq.MQQueueManager.accessQueue(MQQueueManager.java:2857)
	at com.ibm.mq.MQQueueManager.accessQueue(MQQueueManager.java:2914)
	at com.basspro.jdaoutbound.router.TransactionRouter.openSourceQueue(TransactionRouter.java:598)
	at com.basspro.jdaoutbound.router.TransactionRouter.main(TransactionRouter.java:146)
13/Aug/2012 09:39:58   ERROR    com.basspro.bpsutils.Log [main] - EXCEPTION OCCURRED IN OPENING QUEUES.  Exiting. (com.basspro.bpsutils.Log.logMessage(Log.java:66))
13/Aug/2012 09:52:25   ERROR    com.basspro.bpsutils.Log [main] - OutboundProcess.printMQException()-The MQOPEN(Source Queue) failed. (com.basspro.bpsutils.Log.logMessage(Log.java:66))
13/Aug/2012 09:52:25   ERROR    com.basspro.bpsutils.Log [main] - OutboundProcess.printMQException()-CompletionCode = 2. (com.basspro.bpsutils.Log.logMessage(Log.java:66))
13/Aug/2012 09:52:25   ERROR    com.basspro.bpsutils.Log [main] - OutboundProcess.printMQException()-ReasonCode = 2085. (com.basspro.bpsutils.Log.logMessage(Log.java:66))
13/Aug/2012 09:52:25   ERROR    com.basspro.bpsutils.Log [main] - Trace: (com.basspro.bpsutils.Log.logMessage(Log.java:119))
com.ibm.mq.MQException: MQJE001: Completion Code 2, Reason 2085
	at com.ibm.mq.MQQueueManager.accessQueue(MQQueueManager.java:2857)
	at com.ibm.mq.MQQueueManager.accessQueue(MQQueueManager.java:2914)
	at com.basspro.jdaoutbound.router.TransactionRouter.openSourceQueue(TransactionRouter.java:598)
	at com.basspro.jdaoutbound.router.TransactionRouter.main(TransactionRouter.java:146)
13/Aug/2012 09:52:25   ERROR    com.basspro.bpsutils.Log [main] - EXCEPTION OCCURRED IN OPENING QUEUES.  Exiting. (com.basspro.bpsutils.Log.logMessage(Log.java:66))
13/Aug/2012 09:57:33   ERROR    com.basspro.bpsutils.Log [main] - OutboundProcess.printMQException()-The MQOPEN(Source Queue) failed. (com.basspro.bpsutils.Log.logMessage(Log.java:66))
13/Aug/2012 09:57:33   ERROR    com.basspro.bpsutils.Log [main] - OutboundProcess.printMQException()-CompletionCode = 2. (com.basspro.bpsutils.Log.logMessage(Log.java:66))
13/Aug/2012 09:57:33   ERROR    com.basspro.bpsutils.Log [main] - OutboundProcess.printMQException()-ReasonCode = 2085. (com.basspro.bpsutils.Log.logMessage(Log.java:66))
13/Aug/2012 09:57:33   ERROR    com.basspro.bpsutils.Log [main] - Trace: (com.basspro.bpsutils.Log.logMessage(Log.java:119))
com.ibm.mq.MQException: MQJE001: Completion Code 2, Reason 2085
	at com.ibm.mq.MQQueueManager.accessQueue(MQQueueManager.java:2857)
	at com.ibm.mq.MQQueueManager.accessQueue(MQQueueManager.java:2914)
	at com.basspro.jdaoutbound.router.TransactionRouter.openSourceQueue(TransactionRouter.java:598)
	at com.basspro.jdaoutbound.router.TransactionRouter.main(TransactionRouter.java:146)
13/Aug/2012 09:57:33   ERROR    com.basspro.bpsutils.Log [main] - EXCEPTION OCCURRED IN OPENING QUEUES.  Exiting. (com.basspro.bpsutils.Log.logMessage(Log.java:66))
05/Mar/2013 16:35:36   ERROR    com.basspro.bpsutils.Log [main] - OutboundProcess.printMQException()-The MQGET failed. (com.basspro.bpsutils.Log.logMessage(Log.java:66))
05/Mar/2013 16:35:37   ERROR    com.basspro.bpsutils.Log [main] - OutboundProcess.printMQException()-CompletionCode = 2. (com.basspro.bpsutils.Log.logMessage(Log.java:66))
05/Mar/2013 16:35:37   ERROR    com.basspro.bpsutils.Log [main] - OutboundProcess.printMQException()-ReasonCode = 2162. (com.basspro.bpsutils.Log.logMessage(Log.java:66))
05/Mar/2013 16:35:37   ERROR    com.basspro.bpsutils.Log [main] - Trace: (com.basspro.bpsutils.Log.logMessage(Log.java:119))
com.ibm.mq.MQException: MQJE001: Completion Code 2, Reason 2162
	at com.ibm.mq.MQQueue.get(MQQueue.java:1034)
	at com.basspro.jdaoutbound.router.TransactionRouter.getMessage(TransactionRouter.java:533)
	at com.basspro.jdaoutbound.router.TransactionRouter.main(TransactionRouter.java:189)
05/Mar/2013 16:35:37   ERROR    com.basspro.bpsutils.Log [main] - shutdown()-Failure closing / disconnecting. MQJE001: Completion Code 2, Reason 2009 (com.basspro.bpsutils.Log.logMessage(Log.java:66))
05/Mar/2013 16:35:37   ERROR    com.basspro.bpsutils.Log [main] - Trace: (com.basspro.bpsutils.Log.logMessage(Log.java:119))
com.ibm.mq.MQException: MQJE001: Completion Code 2, Reason 2009
	at com.ibm.mq.MQManagedObject.close(MQManagedObject.java:400)
	at com.ibm.mq.MQQueue.close(MQQueue.java:1721)
	at com.basspro.jdaoutbound.router.TransactionRouter.shutdown(TransactionRouter.java:780)
	at com.basspro.jdaoutbound.router.TransactionRouter.main(TransactionRouter.java:304)
24/Apr/2013 18:59:17   ERROR    com.basspro.bpsutils.Log [main] - OutboundProcess.printMQException()-The MQGET failed. (com.basspro.bpsutils.Log.logMessage(Log.java:66))
24/Apr/2013 18:59:18   ERROR    com.basspro.bpsutils.Log [main] - OutboundProcess.printMQException()-CompletionCode = 2. (com.basspro.bpsutils.Log.logMessage(Log.java:66))
24/Apr/2013 18:59:18   ERROR    com.basspro.bpsutils.Log [main] - OutboundProcess.printMQException()-ReasonCode = 2162. (com.basspro.bpsutils.Log.logMessage(Log.java:66))
24/Apr/2013 18:59:18   ERROR    com.basspro.bpsutils.Log [main] - Trace: (com.basspro.bpsutils.Log.logMessage(Log.java:119))
com.ibm.mq.MQException: MQJE001: Completion Code 2, Reason 2162
	at com.ibm.mq.MQQueue.get(MQQueue.java:1034)
	at com.basspro.jdaoutbound.router.TransactionRouter.getMessage(TransactionRouter.java:533)
	at com.basspro.jdaoutbound.router.TransactionRouter.main(TransactionRouter.java:189)
24/Apr/2013 18:59:18   ERROR    com.basspro.bpsutils.Log [main] - shutdown()-Failure closing / disconnecting. MQJE001: Completion Code 2, Reason 2009 (com.basspro.bpsutils.Log.logMessage(Log.java:66))
24/Apr/2013 18:59:18   ERROR    com.basspro.bpsutils.Log [main] - Trace: (com.basspro.bpsutils.Log.logMessage(Log.java:119))
com.ibm.mq.MQException: MQJE001: Completion Code 2, Reason 2009
	at com.ibm.mq.MQManagedObject.close(MQManagedObject.java:400)
	at com.ibm.mq.MQQueue.close(MQQueue.java:1721)
	at com.basspro.jdaoutbound.router.TransactionRouter.shutdown(TransactionRouter.java:780)
	at com.basspro.jdaoutbound.router.TransactionRouter.main(TransactionRouter.java:304)
03/Jul/2014 16:28:02   ERROR    com.basspro.bpsutils.Log [main] - OutboundProcess.printMQException()-The MQGET failed. (com.basspro.bpsutils.Log.logMessage(Log.java:66))
03/Jul/2014 16:28:03   ERROR    com.basspro.bpsutils.Log [main] - OutboundProcess.printMQException()-CompletionCode = 2. (com.basspro.bpsutils.Log.logMessage(Log.java:66))
03/Jul/2014 16:28:03   ERROR    com.basspro.bpsutils.Log [main] - OutboundProcess.printMQException()-ReasonCode = 2162. (com.basspro.bpsutils.Log.logMessage(Log.java:66))
03/Jul/2014 16:28:03   ERROR    com.basspro.bpsutils.Log [main] - Trace: (com.basspro.bpsutils.Log.logMessage(Log.java:119))
com.ibm.mq.MQException: MQJE001: Completion Code 2, Reason 2162
	at com.ibm.mq.MQQueue.get(MQQueue.java:1034)
	at com.basspro.jdaoutbound.router.TransactionRouter.getMessage(TransactionRouter.java:533)
	at com.basspro.jdaoutbound.router.TransactionRouter.main(TransactionRouter.java:189)
03/Jul/2014 16:28:04   ERROR    com.basspro.bpsutils.Log [main] - shutdown()-Failure closing / disconnecting. MQJE001: Completion Code 2, Reason 2009 (com.basspro.bpsutils.Log.logMessage(Log.java:66))
03/Jul/2014 16:28:04   ERROR    com.basspro.bpsutils.Log [main] - Trace: (com.basspro.bpsutils.Log.logMessage(Log.java:119))
com.ibm.mq.MQException: MQJE001: Completion Code 2, Reason 2009
	at com.ibm.mq.MQManagedObject.close(MQManagedObject.java:400)
	at com.ibm.mq.MQQueue.close(MQQueue.java:1721)
	at com.basspro.jdaoutbound.router.TransactionRouter.shutdown(TransactionRouter.java:780)
	at com.basspro.jdaoutbound.router.TransactionRouter.main(TransactionRouter.java:304)
