05/Mar/2013 16:35:36   ERROR    com.basspro.bpsutils.Log [main] - OutboundProcess.printMQException()-The MQGET failed. (com.basspro.bpsutils.Log.logMessage(Log.java:66))
05/Mar/2013 16:35:37   ERROR    com.basspro.bpsutils.Log [main] - OutboundProcess.printMQException()-CompletionCode = 2. (com.basspro.bpsutils.Log.logMessage(Log.java:66))
05/Mar/2013 16:35:37   ERROR    com.basspro.bpsutils.Log [main] - OutboundProcess.printMQException()-ReasonCode = 2162. (com.basspro.bpsutils.Log.logMessage(Log.java:66))
05/Mar/2013 16:35:37   ERROR    com.basspro.bpsutils.Log [main] - Trace: (com.basspro.bpsutils.Log.logMessage(Log.java:119))
com.ibm.mq.MQException: MQJE001: Completion Code 2, Reason 2162
	at com.ibm.mq.MQQueue.get(MQQueue.java:1034)
	at com.basspro.jdaoutbound.lossprevention.ArchiveWriter.getMessage(ArchiveWriter.java:550)
	at com.basspro.jdaoutbound.lossprevention.ArchiveWriter.main(ArchiveWriter.java:171)
05/Mar/2013 16:35:37   ERROR    com.basspro.bpsutils.Log [main] - shutdown()-Failure closing / disconnecting. MQJE001: Completion Code 2, Reason 2009 (com.basspro.bpsutils.Log.logMessage(Log.java:66))
05/Mar/2013 16:35:37   ERROR    com.basspro.bpsutils.Log [main] - Trace: (com.basspro.bpsutils.Log.logMessage(Log.java:119))
com.ibm.mq.MQException: MQJE001: Completion Code 2, Reason 2009
	at com.ibm.mq.MQManagedObject.close(MQManagedObject.java:400)
	at com.ibm.mq.MQQueue.close(MQQueue.java:1721)
	at com.basspro.jdaoutbound.lossprevention.ArchiveWriter.shutdown(ArchiveWriter.java:748)
	at com.basspro.jdaoutbound.lossprevention.ArchiveWriter.main(ArchiveWriter.java:336)
24/Apr/2013 18:59:17   ERROR    com.basspro.bpsutils.Log [main] - OutboundProcess.printMQException()-The MQGET failed. (com.basspro.bpsutils.Log.logMessage(Log.java:66))
24/Apr/2013 18:59:18   ERROR    com.basspro.bpsutils.Log [main] - OutboundProcess.printMQException()-CompletionCode = 2. (com.basspro.bpsutils.Log.logMessage(Log.java:66))
24/Apr/2013 18:59:18   ERROR    com.basspro.bpsutils.Log [main] - OutboundProcess.printMQException()-ReasonCode = 2162. (com.basspro.bpsutils.Log.logMessage(Log.java:66))
24/Apr/2013 18:59:18   ERROR    com.basspro.bpsutils.Log [main] - Trace: (com.basspro.bpsutils.Log.logMessage(Log.java:119))
com.ibm.mq.MQException: MQJE001: Completion Code 2, Reason 2162
	at com.ibm.mq.MQQueue.get(MQQueue.java:1034)
	at com.basspro.jdaoutbound.lossprevention.ArchiveWriter.getMessage(ArchiveWriter.java:550)
	at com.basspro.jdaoutbound.lossprevention.ArchiveWriter.main(ArchiveWriter.java:171)
24/Apr/2013 18:59:18   ERROR    com.basspro.bpsutils.Log [main] - shutdown()-Failure closing / disconnecting. MQJE001: Completion Code 2, Reason 2009 (com.basspro.bpsutils.Log.logMessage(Log.java:66))
24/Apr/2013 18:59:18   ERROR    com.basspro.bpsutils.Log [main] - Trace: (com.basspro.bpsutils.Log.logMessage(Log.java:119))
com.ibm.mq.MQException: MQJE001: Completion Code 2, Reason 2009
	at com.ibm.mq.MQManagedObject.close(MQManagedObject.java:400)
	at com.ibm.mq.MQQueue.close(MQQueue.java:1721)
	at com.basspro.jdaoutbound.lossprevention.ArchiveWriter.shutdown(ArchiveWriter.java:748)
	at com.basspro.jdaoutbound.lossprevention.ArchiveWriter.main(ArchiveWriter.java:336)
16/Aug/2013 03:30:43   ERROR    com.basspro.bpsutils.Log [main] - File: [retail/XML3/Store0014/2013/08/16/Till1402/Txn712.xml] (com.basspro.bpsutils.Log.logMessage(Log.java:66))
16/Aug/2013 03:30:44   ERROR    com.basspro.bpsutils.Log [main] - trace: (com.basspro.bpsutils.Log.logMessage(Log.java:119))
java.io.FileNotFoundException: retail/XML3/Store0014/2013/08/16/Till1402/Txn712.xml (A file or directory in the path name does not exist.)
	at java.io.FileOutputStream.<init>(FileOutputStream.java:205)
	at java.io.FileOutputStream.<init>(FileOutputStream.java:96)
	at com.basspro.jdaoutbound.lossprevention.ArchiveWriter.writeXMLToFile(ArchiveWriter.java:479)
	at com.basspro.jdaoutbound.lossprevention.ArchiveWriter.main(ArchiveWriter.java:273)
16/Aug/2013 03:30:44   ERROR    com.basspro.bpsutils.Log [main] - EXCEPTION OCCURRED. (com.basspro.bpsutils.Log.logMessage(Log.java:119))
java.io.FileNotFoundException: retail/XML3/Store0014/2013/08/16/Till1402/Txn712.xml (A file or directory in the path name does not exist.)
	at java.io.FileOutputStream.<init>(FileOutputStream.java:205)
	at java.io.FileOutputStream.<init>(FileOutputStream.java:96)
	at com.basspro.jdaoutbound.lossprevention.ArchiveWriter.writeXMLToFile(ArchiveWriter.java:479)
	at com.basspro.jdaoutbound.lossprevention.ArchiveWriter.main(ArchiveWriter.java:273)
16/Aug/2013 03:30:44   ERROR    com.basspro.bpsutils.Log [main] - Exception count has reached threshold. (com.basspro.bpsutils.Log.logMessage(Log.java:66))
16/Aug/2013 03:30:44   ERROR    com.basspro.bpsutils.Log [main] - badCount=1 Threshold=1 (com.basspro.bpsutils.Log.logMessage(Log.java:66))
16/Aug/2013 03:30:44   ERROR    com.basspro.bpsutils.Log [main] - **Going into non-process state, waiting for TERMINATE message** (com.basspro.bpsutils.Log.logMessage(Log.java:66))
03/Jul/2014 16:28:02   ERROR    com.basspro.bpsutils.Log [main] - OutboundProcess.printMQException()-The MQGET failed. (com.basspro.bpsutils.Log.logMessage(Log.java:66))
03/Jul/2014 16:28:03   ERROR    com.basspro.bpsutils.Log [main] - OutboundProcess.printMQException()-CompletionCode = 2. (com.basspro.bpsutils.Log.logMessage(Log.java:66))
03/Jul/2014 16:28:03   ERROR    com.basspro.bpsutils.Log [main] - OutboundProcess.printMQException()-ReasonCode = 2162. (com.basspro.bpsutils.Log.logMessage(Log.java:66))
03/Jul/2014 16:28:03   ERROR    com.basspro.bpsutils.Log [main] - Trace: (com.basspro.bpsutils.Log.logMessage(Log.java:119))
com.ibm.mq.MQException: MQJE001: Completion Code 2, Reason 2162
	at com.ibm.mq.MQQueue.get(MQQueue.java:1034)
	at com.basspro.jdaoutbound.lossprevention.ArchiveWriter.getMessage(ArchiveWriter.java:550)
	at com.basspro.jdaoutbound.lossprevention.ArchiveWriter.main(ArchiveWriter.java:171)
03/Jul/2014 16:28:03   ERROR    com.basspro.bpsutils.Log [main] - shutdown()-Failure closing / disconnecting. MQJE001: Completion Code 2, Reason 2009 (com.basspro.bpsutils.Log.logMessage(Log.java:66))
03/Jul/2014 16:28:03   ERROR    com.basspro.bpsutils.Log [main] - Trace: (com.basspro.bpsutils.Log.logMessage(Log.java:119))
com.ibm.mq.MQException: MQJE001: Completion Code 2, Reason 2009
	at com.ibm.mq.MQManagedObject.close(MQManagedObject.java:400)
	at com.ibm.mq.MQQueue.close(MQQueue.java:1721)
	at com.basspro.jdaoutbound.lossprevention.ArchiveWriter.shutdown(ArchiveWriter.java:748)
	at com.basspro.jdaoutbound.lossprevention.ArchiveWriter.main(ArchiveWriter.java:336)
30/Sep/2014 08:07:52   ERROR    com.basspro.bpsutils.Log [main] - File: [retail/XML3/Store9116/2011/03/08/Till19116/Txn31371.xml] (com.basspro.bpsutils.Log.logMessage(Log.java:66))
30/Sep/2014 08:07:52   ERROR    com.basspro.bpsutils.Log [main] - trace: (com.basspro.bpsutils.Log.logMessage(Log.java:119))
java.io.FileNotFoundException: retail/XML3/Store9116/2011/03/08/Till19116/Txn31371.xml (The requested resource is busy.)
	at java.io.FileOutputStream.<init>(FileOutputStream.java:205)
	at java.io.FileOutputStream.<init>(FileOutputStream.java:96)
	at com.basspro.jdaoutbound.lossprevention.ArchiveWriter.writeXMLToFile(ArchiveWriter.java:479)
	at com.basspro.jdaoutbound.lossprevention.ArchiveWriter.main(ArchiveWriter.java:273)
30/Sep/2014 08:07:52   ERROR    com.basspro.bpsutils.Log [main] - EXCEPTION OCCURRED. (com.basspro.bpsutils.Log.logMessage(Log.java:119))
java.io.FileNotFoundException: retail/XML3/Store9116/2011/03/08/Till19116/Txn31371.xml (The requested resource is busy.)
	at java.io.FileOutputStream.<init>(FileOutputStream.java:205)
	at java.io.FileOutputStream.<init>(FileOutputStream.java:96)
	at com.basspro.jdaoutbound.lossprevention.ArchiveWriter.writeXMLToFile(ArchiveWriter.java:479)
	at com.basspro.jdaoutbound.lossprevention.ArchiveWriter.main(ArchiveWriter.java:273)
30/Sep/2014 08:07:52   ERROR    com.basspro.bpsutils.Log [main] - Exception count has reached threshold. (com.basspro.bpsutils.Log.logMessage(Log.java:66))
30/Sep/2014 08:07:52   ERROR    com.basspro.bpsutils.Log [main] - badCount=1 Threshold=1 (com.basspro.bpsutils.Log.logMessage(Log.java:66))
30/Sep/2014 08:07:52   ERROR    com.basspro.bpsutils.Log [main] - **Going into non-process state, waiting for TERMINATE message** (com.basspro.bpsutils.Log.logMessage(Log.java:66))
