15/Oct/2012 09:21:07   ERROR    com.basspro.bpsutils.Log [main] - OutboundProcess.printMQException()-The MQGET failed. (com.basspro.bpsutils.Log.logMessage(Log.java:66))
15/Oct/2012 09:21:08   ERROR    com.basspro.bpsutils.Log [main] - OutboundProcess.printMQException()-CompletionCode = 2. (com.basspro.bpsutils.Log.logMessage(Log.java:66))
15/Oct/2012 09:21:08   ERROR    com.basspro.bpsutils.Log [main] - OutboundProcess.printMQException()-ReasonCode = 2162. (com.basspro.bpsutils.Log.logMessage(Log.java:66))
15/Oct/2012 09:21:08   ERROR    com.basspro.bpsutils.Log [main] - Trace: (com.basspro.bpsutils.Log.logMessage(Log.java:119))
com.ibm.mq.MQException: MQJE001: Completion Code 2, Reason 2162
	at com.ibm.mq.MQQueue.get(MQQueue.java:1034)
	at com.basspro.jdaoutbound.lossprevention.ArchiveWriter.getMessage(ArchiveWriter.java:550)
	at com.basspro.jdaoutbound.lossprevention.ArchiveWriter.main(ArchiveWriter.java:171)
15/Oct/2012 09:21:08   ERROR    com.basspro.bpsutils.Log [main] - shutdown()-Failure closing / disconnecting. MQJE001: Completion Code 2, Reason 2009 (com.basspro.bpsutils.Log.logMessage(Log.java:66))
15/Oct/2012 09:21:08   ERROR    com.basspro.bpsutils.Log [main] - Trace: (com.basspro.bpsutils.Log.logMessage(Log.java:119))
com.ibm.mq.MQException: MQJE001: Completion Code 2, Reason 2009
	at com.ibm.mq.MQManagedObject.close(MQManagedObject.java:400)
	at com.ibm.mq.MQQueue.close(MQQueue.java:1721)
	at com.basspro.jdaoutbound.lossprevention.ArchiveWriter.shutdown(ArchiveWriter.java:748)
	at com.basspro.jdaoutbound.lossprevention.ArchiveWriter.main(ArchiveWriter.java:336)
15/Oct/2012 10:32:15   ERROR    com.basspro.bpsutils.Log [main] - Error in openQueueManager(). (com.basspro.bpsutils.Log.logMessage(Log.java:119))
com.ibm.mq.MQException: MQJE001: An MQException occurred: Completion Code 2, Reason 2059
MQJE011: Socket connection attempt refused
	at com.ibm.mq.MQManagedConnectionJ11.<init>(MQManagedConnectionJ11.java:212)
	at com.ibm.mq.MQClientManagedConnectionFactoryJ11._createManagedConnection(MQClientManagedConnectionFactoryJ11.java:318)
	at com.ibm.mq.MQClientManagedConnectionFactoryJ11.createManagedConnection(MQClientManagedConnectionFactoryJ11.java:338)
	at com.ibm.mq.StoredManagedConnection.<init>(StoredManagedConnection.java:84)
	at com.ibm.mq.MQSimpleConnectionManager.allocateConnection(MQSimpleConnectionManager.java:168)
	at com.ibm.mq.MQQueueManagerFactory.obtainBaseMQQueueManager(MQQueueManagerFactory.java:772)
	at com.ibm.mq.MQQueueManagerFactory.procure(MQQueueManagerFactory.java:697)
	at com.ibm.mq.MQQueueManagerFactory.constructQueueManager(MQQueueManagerFactory.java:657)
	at com.ibm.mq.MQQueueManagerFactory.createQueueManager(MQQueueManagerFactory.java:153)
	at com.ibm.mq.MQQueueManager.<init>(MQQueueManager.java:451)
	at com.basspro.jdaoutbound.lossprevention.ArchiveWriter.openQueueManager(ArchiveWriter.java:682)
	at com.basspro.jdaoutbound.lossprevention.ArchiveWriter.main(ArchiveWriter.java:126)
Caused by: 
com.ibm.mqservices.MQInternalException: MQJE001: An MQException occurred: Completion Code 2, Reason 2059
MQJE011: Socket connection attempt refused
	at com.ibm.mq.MQInternalCommunications.createSocketConnection(MQInternalCommunications.java:2328)
	at com.ibm.mq.MQv6InternalCommunications$1.run(MQv6InternalCommunications.java:164)
	at java.security.AccessController.doPrivileged(AccessController.java:241)
	at com.ibm.mq.MQv6InternalCommunications.initialize(MQv6InternalCommunications.java:161)
	at com.ibm.mq.MQv6InternalCommunications.<init>(MQv6InternalCommunications.java:109)
	at com.ibm.mq.MQSESSIONClient.MQCONNX(MQSESSIONClient.java:1337)
	at com.ibm.mq.MQSESSIONClient.MQCONN(MQSESSIONClient.java:1246)
	at com.ibm.mq.MQManagedConnectionJ11.<init>(MQManagedConnectionJ11.java:184)
	... 11 more
15/Oct/2012 10:32:15   FATAL    com.basspro.bpsutils.Log [main] - Queue manager connection failed. Exiting. (com.basspro.bpsutils.Log.logMessage(Log.java:71))
15/Oct/2012 11:18:20   ERROR    com.basspro.bpsutils.Log [main] - OutboundProcess.printMQException()-The MQGET failed. (com.basspro.bpsutils.Log.logMessage(Log.java:66))
15/Oct/2012 11:18:20   ERROR    com.basspro.bpsutils.Log [main] - OutboundProcess.printMQException()-CompletionCode = 2. (com.basspro.bpsutils.Log.logMessage(Log.java:66))
15/Oct/2012 11:18:20   ERROR    com.basspro.bpsutils.Log [main] - OutboundProcess.printMQException()-ReasonCode = 2162. (com.basspro.bpsutils.Log.logMessage(Log.java:66))
15/Oct/2012 11:18:20   ERROR    com.basspro.bpsutils.Log [main] - Trace: (com.basspro.bpsutils.Log.logMessage(Log.java:119))
com.ibm.mq.MQException: MQJE001: Completion Code 2, Reason 2162
	at com.ibm.mq.MQQueue.get(MQQueue.java:1034)
	at com.basspro.jdaoutbound.lossprevention.ArchiveWriter.getMessage(ArchiveWriter.java:550)
	at com.basspro.jdaoutbound.lossprevention.ArchiveWriter.main(ArchiveWriter.java:171)
15/Oct/2012 11:18:20   ERROR    com.basspro.bpsutils.Log [main] - shutdown()-Failure closing / disconnecting. MQJE001: Completion Code 2, Reason 2009 (com.basspro.bpsutils.Log.logMessage(Log.java:66))
15/Oct/2012 11:18:20   ERROR    com.basspro.bpsutils.Log [main] - Trace: (com.basspro.bpsutils.Log.logMessage(Log.java:119))
com.ibm.mq.MQException: MQJE001: Completion Code 2, Reason 2009
	at com.ibm.mq.MQManagedObject.close(MQManagedObject.java:400)
	at com.ibm.mq.MQQueue.close(MQQueue.java:1721)
	at com.basspro.jdaoutbound.lossprevention.ArchiveWriter.shutdown(ArchiveWriter.java:748)
	at com.basspro.jdaoutbound.lossprevention.ArchiveWriter.main(ArchiveWriter.java:336)
16/Oct/2012 09:37:45   ERROR    com.basspro.bpsutils.Log [main] - OutboundProcess.printMQException()-The MQGET failed. (com.basspro.bpsutils.Log.logMessage(Log.java:66))
16/Oct/2012 09:37:45   ERROR    com.basspro.bpsutils.Log [main] - OutboundProcess.printMQException()-CompletionCode = 2. (com.basspro.bpsutils.Log.logMessage(Log.java:66))
16/Oct/2012 09:37:45   ERROR    com.basspro.bpsutils.Log [main] - OutboundProcess.printMQException()-ReasonCode = 2009. (com.basspro.bpsutils.Log.logMessage(Log.java:66))
16/Oct/2012 09:37:45   ERROR    com.basspro.bpsutils.Log [main] - Trace: (com.basspro.bpsutils.Log.logMessage(Log.java:119))
com.ibm.mq.MQException: MQJE001: Completion Code 2, Reason 2009
	at com.ibm.mq.MQQueue.get(MQQueue.java:1034)
	at com.basspro.jdaoutbound.lossprevention.ArchiveWriter.getMessage(ArchiveWriter.java:550)
	at com.basspro.jdaoutbound.lossprevention.ArchiveWriter.main(ArchiveWriter.java:171)
16/Oct/2012 09:37:45   ERROR    com.basspro.bpsutils.Log [main] - shutdown()-Failure closing / disconnecting. MQJE001: Completion Code 2, Reason 2019 (com.basspro.bpsutils.Log.logMessage(Log.java:66))
16/Oct/2012 09:37:45   ERROR    com.basspro.bpsutils.Log [main] - Trace: (com.basspro.bpsutils.Log.logMessage(Log.java:119))
com.ibm.mq.MQException: MQJE001: Completion Code 2, Reason 2019
	at com.ibm.mq.MQManagedObject.close(MQManagedObject.java:400)
	at com.ibm.mq.MQQueue.close(MQQueue.java:1721)
	at com.basspro.jdaoutbound.lossprevention.ArchiveWriter.shutdown(ArchiveWriter.java:748)
	at com.basspro.jdaoutbound.lossprevention.ArchiveWriter.main(ArchiveWriter.java:336)
24/Apr/2013 18:59:17   ERROR    com.basspro.bpsutils.Log [main] - OutboundProcess.printMQException()-The MQGET failed. (com.basspro.bpsutils.Log.logMessage(Log.java:66))
24/Apr/2013 18:59:18   ERROR    com.basspro.bpsutils.Log [main] - OutboundProcess.printMQException()-CompletionCode = 2. (com.basspro.bpsutils.Log.logMessage(Log.java:66))
24/Apr/2013 18:59:18   ERROR    com.basspro.bpsutils.Log [main] - OutboundProcess.printMQException()-ReasonCode = 2162. (com.basspro.bpsutils.Log.logMessage(Log.java:66))
24/Apr/2013 18:59:18   ERROR    com.basspro.bpsutils.Log [main] - Trace: (com.basspro.bpsutils.Log.logMessage(Log.java:119))
com.ibm.mq.MQException: MQJE001: Completion Code 2, Reason 2162
	at com.ibm.mq.MQQueue.get(MQQueue.java:1034)
	at com.basspro.jdaoutbound.lossprevention.ArchiveWriter.getMessage(ArchiveWriter.java:550)
	at com.basspro.jdaoutbound.lossprevention.ArchiveWriter.main(ArchiveWriter.java:171)
24/Apr/2013 18:59:18   ERROR    com.basspro.bpsutils.Log [main] - shutdown()-Failure closing / disconnecting. MQJE001: Completion Code 2, Reason 2009 (com.basspro.bpsutils.Log.logMessage(Log.java:66))
24/Apr/2013 18:59:18   ERROR    com.basspro.bpsutils.Log [main] - Trace: (com.basspro.bpsutils.Log.logMessage(Log.java:119))
com.ibm.mq.MQException: MQJE001: Completion Code 2, Reason 2009
	at com.ibm.mq.MQManagedObject.close(MQManagedObject.java:400)
	at com.ibm.mq.MQQueue.close(MQQueue.java:1721)
	at com.basspro.jdaoutbound.lossprevention.ArchiveWriter.shutdown(ArchiveWriter.java:748)
	at com.basspro.jdaoutbound.lossprevention.ArchiveWriter.main(ArchiveWriter.java:336)
16/Aug/2013 03:30:45   ERROR    com.basspro.bpsutils.Log [main] - File: [retail/XML3/Store0014/2013/08/16/Till1402/Txn712.xml] (com.basspro.bpsutils.Log.logMessage(Log.java:66))
16/Aug/2013 03:30:46   ERROR    com.basspro.bpsutils.Log [main] - trace: (com.basspro.bpsutils.Log.logMessage(Log.java:119))
java.io.FileNotFoundException: retail/XML3/Store0014/2013/08/16/Till1402/Txn712.xml (A file or directory in the path name does not exist.)
	at java.io.FileOutputStream.<init>(FileOutputStream.java:205)
	at java.io.FileOutputStream.<init>(FileOutputStream.java:96)
	at com.basspro.jdaoutbound.lossprevention.ArchiveWriter.writeXMLToFile(ArchiveWriter.java:479)
	at com.basspro.jdaoutbound.lossprevention.ArchiveWriter.main(ArchiveWriter.java:273)
16/Aug/2013 03:30:46   ERROR    com.basspro.bpsutils.Log [main] - EXCEPTION OCCURRED. (com.basspro.bpsutils.Log.logMessage(Log.java:119))
java.io.FileNotFoundException: retail/XML3/Store0014/2013/08/16/Till1402/Txn712.xml (A file or directory in the path name does not exist.)
	at java.io.FileOutputStream.<init>(FileOutputStream.java:205)
	at java.io.FileOutputStream.<init>(FileOutputStream.java:96)
	at com.basspro.jdaoutbound.lossprevention.ArchiveWriter.writeXMLToFile(ArchiveWriter.java:479)
	at com.basspro.jdaoutbound.lossprevention.ArchiveWriter.main(ArchiveWriter.java:273)
16/Aug/2013 03:30:46   ERROR    com.basspro.bpsutils.Log [main] - Exception count has reached threshold. (com.basspro.bpsutils.Log.logMessage(Log.java:66))
16/Aug/2013 03:30:46   ERROR    com.basspro.bpsutils.Log [main] - badCount=1 Threshold=1 (com.basspro.bpsutils.Log.logMessage(Log.java:66))
16/Aug/2013 03:30:46   ERROR    com.basspro.bpsutils.Log [main] - **Going into non-process state, waiting for TERMINATE message** (com.basspro.bpsutils.Log.logMessage(Log.java:66))
03/Jul/2014 16:28:02   ERROR    com.basspro.bpsutils.Log [main] - OutboundProcess.printMQException()-The MQGET failed. (com.basspro.bpsutils.Log.logMessage(Log.java:66))
03/Jul/2014 16:28:03   ERROR    com.basspro.bpsutils.Log [main] - OutboundProcess.printMQException()-CompletionCode = 2. (com.basspro.bpsutils.Log.logMessage(Log.java:66))
03/Jul/2014 16:28:03   ERROR    com.basspro.bpsutils.Log [main] - OutboundProcess.printMQException()-ReasonCode = 2162. (com.basspro.bpsutils.Log.logMessage(Log.java:66))
03/Jul/2014 16:28:03   ERROR    com.basspro.bpsutils.Log [main] - Trace: (com.basspro.bpsutils.Log.logMessage(Log.java:119))
com.ibm.mq.MQException: MQJE001: Completion Code 2, Reason 2162
	at com.ibm.mq.MQQueue.get(MQQueue.java:1034)
	at com.basspro.jdaoutbound.lossprevention.ArchiveWriter.getMessage(ArchiveWriter.java:550)
	at com.basspro.jdaoutbound.lossprevention.ArchiveWriter.main(ArchiveWriter.java:171)
03/Jul/2014 16:28:03   ERROR    com.basspro.bpsutils.Log [main] - shutdown()-Failure closing / disconnecting. MQJE001: Completion Code 2, Reason 2009 (com.basspro.bpsutils.Log.logMessage(Log.java:66))
03/Jul/2014 16:28:03   ERROR    com.basspro.bpsutils.Log [main] - Trace: (com.basspro.bpsutils.Log.logMessage(Log.java:119))
com.ibm.mq.MQException: MQJE001: Completion Code 2, Reason 2009
	at com.ibm.mq.MQManagedObject.close(MQManagedObject.java:400)
	at com.ibm.mq.MQQueue.close(MQQueue.java:1721)
	at com.basspro.jdaoutbound.lossprevention.ArchiveWriter.shutdown(ArchiveWriter.java:748)
	at com.basspro.jdaoutbound.lossprevention.ArchiveWriter.main(ArchiveWriter.java:336)
30/Sep/2014 08:07:51   ERROR    com.basspro.bpsutils.Log [main] - File: [retail/XML3/Store9116/2011/03/08/Till19116/Txn31371.xml] (com.basspro.bpsutils.Log.logMessage(Log.java:66))
30/Sep/2014 08:07:51   ERROR    com.basspro.bpsutils.Log [main] - trace: (com.basspro.bpsutils.Log.logMessage(Log.java:119))
java.io.FileNotFoundException: retail/XML3/Store9116/2011/03/08/Till19116/Txn31371.xml (The requested resource is busy.)
	at java.io.FileOutputStream.<init>(FileOutputStream.java:205)
	at java.io.FileOutputStream.<init>(FileOutputStream.java:96)
	at com.basspro.jdaoutbound.lossprevention.ArchiveWriter.writeXMLToFile(ArchiveWriter.java:479)
	at com.basspro.jdaoutbound.lossprevention.ArchiveWriter.main(ArchiveWriter.java:273)
30/Sep/2014 08:07:51   ERROR    com.basspro.bpsutils.Log [main] - EXCEPTION OCCURRED. (com.basspro.bpsutils.Log.logMessage(Log.java:119))
java.io.FileNotFoundException: retail/XML3/Store9116/2011/03/08/Till19116/Txn31371.xml (The requested resource is busy.)
	at java.io.FileOutputStream.<init>(FileOutputStream.java:205)
	at java.io.FileOutputStream.<init>(FileOutputStream.java:96)
	at com.basspro.jdaoutbound.lossprevention.ArchiveWriter.writeXMLToFile(ArchiveWriter.java:479)
	at com.basspro.jdaoutbound.lossprevention.ArchiveWriter.main(ArchiveWriter.java:273)
30/Sep/2014 08:07:51   ERROR    com.basspro.bpsutils.Log [main] - Exception count has reached threshold. (com.basspro.bpsutils.Log.logMessage(Log.java:66))
30/Sep/2014 08:07:51   ERROR    com.basspro.bpsutils.Log [main] - badCount=1 Threshold=1 (com.basspro.bpsutils.Log.logMessage(Log.java:66))
30/Sep/2014 08:07:51   ERROR    com.basspro.bpsutils.Log [main] - **Going into non-process state, waiting for TERMINATE message** (com.basspro.bpsutils.Log.logMessage(Log.java:66))
10/Jun/2015 08:37:44   ERROR    com.basspro.bpsutils.Log [main] - File: [retail/XML3/Store0049/2015/06/10/Till4928/Txn185.xml] (com.basspro.bpsutils.Log.logMessage(Log.java:66))
10/Jun/2015 08:37:45   ERROR    com.basspro.bpsutils.Log [main] - trace: (com.basspro.bpsutils.Log.logMessage(Log.java:119))
java.io.FileNotFoundException: retail/XML3/Store0049/2015/06/10/Till4928/Txn185.xml (A file or directory in the path name does not exist.)
	at java.io.FileOutputStream.open(Native Method)
	at java.io.FileOutputStream.<init>(FileOutputStream.java:205)
	at java.io.FileOutputStream.<init>(FileOutputStream.java:96)
	at com.basspro.jdaoutbound.lossprevention.ArchiveWriter.writeXMLToFile(ArchiveWriter.java:479)
	at com.basspro.jdaoutbound.lossprevention.ArchiveWriter.main(ArchiveWriter.java:273)
10/Jun/2015 08:37:45   ERROR    com.basspro.bpsutils.Log [main] - EXCEPTION OCCURRED. (com.basspro.bpsutils.Log.logMessage(Log.java:119))
java.io.FileNotFoundException: retail/XML3/Store0049/2015/06/10/Till4928/Txn185.xml (A file or directory in the path name does not exist.)
	at java.io.FileOutputStream.open(Native Method)
	at java.io.FileOutputStream.<init>(FileOutputStream.java:205)
	at java.io.FileOutputStream.<init>(FileOutputStream.java:96)
	at com.basspro.jdaoutbound.lossprevention.ArchiveWriter.writeXMLToFile(ArchiveWriter.java:479)
	at com.basspro.jdaoutbound.lossprevention.ArchiveWriter.main(ArchiveWriter.java:273)
10/Jun/2015 08:37:45   ERROR    com.basspro.bpsutils.Log [main] - Exception count has reached threshold. (com.basspro.bpsutils.Log.logMessage(Log.java:66))
10/Jun/2015 08:37:45   ERROR    com.basspro.bpsutils.Log [main] - badCount=1 Threshold=1 (com.basspro.bpsutils.Log.logMessage(Log.java:66))
10/Jun/2015 08:37:45   ERROR    com.basspro.bpsutils.Log [main] - **Going into non-process state, waiting for TERMINATE message** (com.basspro.bpsutils.Log.logMessage(Log.java:66))
