16/Aug/2013 03:30:41   ERROR    com.basspro.bpsutils.Log [main] - File: [retail/XML3/Store0014/2013/08/16/Till1402/Txn712.xml] (com.basspro.bpsutils.Log.logMessage(Log.java:66))
16/Aug/2013 03:30:42   ERROR    com.basspro.bpsutils.Log [main] - trace: (com.basspro.bpsutils.Log.logMessage(Log.java:119))
java.io.FileNotFoundException: retail/XML3/Store0014/2013/08/16/Till1402/Txn712.xml (A file or directory in the path name does not exist.)
	at java.io.FileOutputStream.<init>(FileOutputStream.java:205)
	at java.io.FileOutputStream.<init>(FileOutputStream.java:96)
	at com.basspro.jdaoutbound.lossprevention.ArchiveWriter.writeXMLToFile(ArchiveWriter.java:479)
	at com.basspro.jdaoutbound.lossprevention.ArchiveWriter.main(ArchiveWriter.java:273)
16/Aug/2013 03:30:42   ERROR    com.basspro.bpsutils.Log [main] - EXCEPTION OCCURRED. (com.basspro.bpsutils.Log.logMessage(Log.java:119))
java.io.FileNotFoundException: retail/XML3/Store0014/2013/08/16/Till1402/Txn712.xml (A file or directory in the path name does not exist.)
	at java.io.FileOutputStream.<init>(FileOutputStream.java:205)
	at java.io.FileOutputStream.<init>(FileOutputStream.java:96)
	at com.basspro.jdaoutbound.lossprevention.ArchiveWriter.writeXMLToFile(ArchiveWriter.java:479)
	at com.basspro.jdaoutbound.lossprevention.ArchiveWriter.main(ArchiveWriter.java:273)
16/Aug/2013 03:30:42   ERROR    com.basspro.bpsutils.Log [main] - Exception count has reached threshold. (com.basspro.bpsutils.Log.logMessage(Log.java:66))
16/Aug/2013 03:30:42   ERROR    com.basspro.bpsutils.Log [main] - badCount=1 Threshold=1 (com.basspro.bpsutils.Log.logMessage(Log.java:66))
16/Aug/2013 03:30:42   ERROR    com.basspro.bpsutils.Log [main] - **Going into non-process state, waiting for TERMINATE message** (com.basspro.bpsutils.Log.logMessage(Log.java:66))
30/Sep/2014 08:07:51   ERROR    com.basspro.bpsutils.Log [main] - File: [retail/XML3/Store9116/2011/03/08/Till19116/Txn31371.xml] (com.basspro.bpsutils.Log.logMessage(Log.java:66))
30/Sep/2014 08:07:51   ERROR    com.basspro.bpsutils.Log [main] - trace: (com.basspro.bpsutils.Log.logMessage(Log.java:119))
java.io.FileNotFoundException: retail/XML3/Store9116/2011/03/08/Till19116/Txn31371.xml (The requested resource is busy.)
	at java.io.FileOutputStream.<init>(FileOutputStream.java:205)
	at java.io.FileOutputStream.<init>(FileOutputStream.java:96)
	at com.basspro.jdaoutbound.lossprevention.ArchiveWriter.writeXMLToFile(ArchiveWriter.java:479)
	at com.basspro.jdaoutbound.lossprevention.ArchiveWriter.main(ArchiveWriter.java:273)
30/Sep/2014 08:07:51   ERROR    com.basspro.bpsutils.Log [main] - EXCEPTION OCCURRED. (com.basspro.bpsutils.Log.logMessage(Log.java:119))
java.io.FileNotFoundException: retail/XML3/Store9116/2011/03/08/Till19116/Txn31371.xml (The requested resource is busy.)
	at java.io.FileOutputStream.<init>(FileOutputStream.java:205)
	at java.io.FileOutputStream.<init>(FileOutputStream.java:96)
	at com.basspro.jdaoutbound.lossprevention.ArchiveWriter.writeXMLToFile(ArchiveWriter.java:479)
	at com.basspro.jdaoutbound.lossprevention.ArchiveWriter.main(ArchiveWriter.java:273)
30/Sep/2014 08:07:51   ERROR    com.basspro.bpsutils.Log [main] - Exception count has reached threshold. (com.basspro.bpsutils.Log.logMessage(Log.java:66))
30/Sep/2014 08:07:51   ERROR    com.basspro.bpsutils.Log [main] - badCount=1 Threshold=1 (com.basspro.bpsutils.Log.logMessage(Log.java:66))
30/Sep/2014 08:07:51   ERROR    com.basspro.bpsutils.Log [main] - **Going into non-process state, waiting for TERMINATE message** (com.basspro.bpsutils.Log.logMessage(Log.java:66))
